<?xml version="1.0" encoding="UTF-8"?>
<coverage generated="1585831334986" clover="3.2.0">
  <project timestamp="1585831334986" name="All files">
    <metrics statements="121" coveredstatements="120" conditionals="108" coveredconditionals="104" methods="14" coveredmethods="14" elements="243" coveredelements="238" complexity="0" loc="121" ncloc="121" packages="5" files="5" classes="5"/>
    <package name="mutants">
      <metrics statements="10" coveredstatements="10" conditionals="0" coveredconditionals="0" methods="0" coveredmethods="0"/>
      <file name="app.js" path="C:\Users\juanpiza\Documents\projects\mutants\app.js">
        <metrics statements="10" coveredstatements="10" conditionals="0" coveredconditionals="0" methods="0" coveredmethods="0"/>
        <line num="1" count="6" type="stmt"/>
        <line num="2" count="6" type="stmt"/>
        <line num="3" count="6" type="stmt"/>
        <line num="4" count="6" type="stmt"/>
        <line num="6" count="6" type="stmt"/>
        <line num="8" count="6" type="stmt"/>
        <line num="9" count="6" type="stmt"/>
        <line num="10" count="6" type="stmt"/>
        <line num="13" count="6" type="stmt"/>
        <line num="15" count="6" type="stmt"/>
      </file>
    </package>
    <package name="mutants.api.controllers">
      <metrics statements="94" coveredstatements="93" conditionals="108" coveredconditionals="104" methods="11" coveredmethods="11"/>
      <file name="mutants.controller.js" path="C:\Users\juanpiza\Documents\projects\mutants\api\controllers\mutants.controller.js">
        <metrics statements="94" coveredstatements="93" conditionals="108" coveredconditionals="104" methods="11" coveredmethods="11"/>
        <line num="1" count="6" type="stmt"/>
        <line num="2" count="6" type="stmt"/>
        <line num="6" count="30" type="cond" truecount="2" falsecount="0"/>
        <line num="7" count="29" type="stmt"/>
        <line num="8" count="29" type="stmt"/>
        <line num="10" count="29" type="stmt"/>
        <line num="16" count="29" type="stmt"/>
        <line num="18" count="29" type="cond" truecount="2" falsecount="0"/>
        <line num="19" count="18" type="stmt"/>
        <line num="24" count="11" type="stmt"/>
        <line num="31" count="1" type="stmt"/>
        <line num="38" count="1" type="stmt"/>
        <line num="39" count="1" type="stmt"/>
        <line num="42" count="1" type="stmt"/>
        <line num="45" count="1" type="stmt"/>
        <line num="46" count="1" type="stmt"/>
        <line num="52" count="0" type="stmt"/>
        <line num="60" count="6" type="stmt"/>
        <line num="61" count="6" type="stmt"/>
        <line num="62" count="6" type="stmt"/>
        <line num="63" count="6" type="stmt"/>
        <line num="72" count="29" type="stmt"/>
        <line num="78" count="29" type="stmt"/>
        <line num="79" count="29" type="stmt"/>
        <line num="80" count="29" type="stmt"/>
        <line num="82" count="29" type="stmt"/>
        <line num="84" count="29" type="stmt"/>
        <line num="85" count="221" type="cond" truecount="2" falsecount="0"/>
        <line num="87" count="3" type="stmt"/>
        <line num="88" count="3" type="stmt"/>
        <line num="90" count="218" type="stmt"/>
        <line num="91" count="218" type="stmt"/>
        <line num="92" count="3634" type="cond" truecount="2" falsecount="0"/>
        <line num="94" count="1" type="stmt"/>
        <line num="95" count="1" type="stmt"/>
        <line num="98" count="218" type="cond" truecount="2" falsecount="0"/>
        <line num="99" count="217" type="stmt"/>
        <line num="101" count="1" type="stmt"/>
        <line num="102" count="1" type="stmt"/>
        <line num="108" count="29" type="cond" truecount="2" falsecount="0"/>
        <line num="111" count="25" type="stmt"/>
        <line num="115" count="25" type="stmt"/>
        <line num="116" count="125" type="cond" truecount="2" falsecount="0"/>
        <line num="117" count="111" type="stmt"/>
        <line num="118" count="111" type="stmt"/>
        <line num="119" count="1005" type="cond" truecount="2" falsecount="0"/>
        <line num="127" count="990" type="stmt"/>
        <line num="130" count="15" type="stmt"/>
        <line num="131" count="15" type="stmt"/>
        <line num="136" count="14" type="stmt"/>
        <line num="137" count="14" type="stmt"/>
        <line num="141" count="25" type="cond" truecount="2" falsecount="0"/>
        <line num="143" count="25" type="stmt"/>
        <line num="147" count="3634" type="cond" truecount="4" falsecount="0"/>
        <line num="151" count="990" type="stmt"/>
        <line num="154" count="990" type="cond" truecount="5" falsecount="0"/>
        <line num="156" count="696" type="cond" truecount="5" falsecount="0"/>
        <line num="163" count="10" type="stmt"/>
        <line num="173" count="10" type="cond" truecount="4" falsecount="1"/>
        <line num="176" count="10" type="stmt"/>
        <line num="177" count="10" type="stmt"/>
        <line num="185" count="990" type="cond" truecount="5" falsecount="0"/>
        <line num="187" count="770" type="cond" truecount="5" falsecount="0"/>
        <line num="194" count="15" type="stmt"/>
        <line num="202" count="15" type="cond" truecount="4" falsecount="1"/>
        <line num="205" count="15" type="stmt"/>
        <line num="206" count="15" type="stmt"/>
        <line num="213" count="990" type="cond" truecount="6" falsecount="0"/>
        <line num="215" count="571" type="cond" truecount="5" falsecount="0"/>
        <line num="222" count="9" type="stmt"/>
        <line num="229" count="9" type="cond" truecount="4" falsecount="1"/>
        <line num="232" count="9" type="stmt"/>
        <line num="233" count="9" type="stmt"/>
        <line num="240" count="990" type="cond" truecount="6" falsecount="0"/>
        <line num="242" count="547" type="cond" truecount="5" falsecount="0"/>
        <line num="249" count="8" type="stmt"/>
        <line num="256" count="8" type="cond" truecount="4" falsecount="1"/>
        <line num="259" count="8" type="stmt"/>
        <line num="260" count="8" type="stmt"/>
        <line num="274" count="2745" type="cond" truecount="4" falsecount="0"/>
        <line num="276" count="730" type="cond" truecount="4" falsecount="0"/>
        <line num="280" count="827" type="cond" truecount="4" falsecount="0"/>
        <line num="284" count="606" type="cond" truecount="4" falsecount="0"/>
        <line num="288" count="582" type="cond" truecount="4" falsecount="0"/>
        <line num="295" count="42" type="cond" truecount="4" falsecount="0"/>
        <line num="297" count="10" type="stmt"/>
        <line num="298" count="10" type="stmt"/>
        <line num="300" count="15" type="stmt"/>
        <line num="301" count="15" type="stmt"/>
        <line num="303" count="9" type="stmt"/>
        <line num="304" count="9" type="stmt"/>
        <line num="306" count="8" type="stmt"/>
        <line num="307" count="8" type="stmt"/>
        <line num="333" count="6" type="stmt"/>
      </file>
    </package>
    <package name="mutants.api.models">
      <metrics statements="3" coveredstatements="3" conditionals="0" coveredconditionals="0" methods="0" coveredmethods="0"/>
      <file name="mutant.model.js" path="C:\Users\juanpiza\Documents\projects\mutants\api\models\mutant.model.js">
        <metrics statements="3" coveredstatements="3" conditionals="0" coveredconditionals="0" methods="0" coveredmethods="0"/>
        <line num="1" count="6" type="stmt"/>
        <line num="3" count="6" type="stmt"/>
        <line num="9" count="6" type="stmt"/>
      </file>
    </package>
    <package name="mutants.api.routes">
      <metrics statements="8" coveredstatements="8" conditionals="0" coveredconditionals="0" methods="1" coveredmethods="1"/>
      <file name="mutants.routes.js" path="C:\Users\juanpiza\Documents\projects\mutants\api\routes\mutants.routes.js">
        <metrics statements="8" coveredstatements="8" conditionals="0" coveredconditionals="0" methods="1" coveredmethods="1"/>
        <line num="1" count="6" type="stmt"/>
        <line num="2" count="6" type="stmt"/>
        <line num="3" count="6" type="stmt"/>
        <line num="5" count="6" type="stmt"/>
        <line num="6" count="1" type="stmt"/>
        <line num="8" count="6" type="stmt"/>
        <line num="9" count="6" type="stmt"/>
        <line num="11" count="6" type="stmt"/>
      </file>
    </package>
    <package name="mutants.connections">
      <metrics statements="6" coveredstatements="6" conditionals="0" coveredconditionals="0" methods="2" coveredmethods="2"/>
      <file name="db_connection.js" path="C:\Users\juanpiza\Documents\projects\mutants\connections\db_connection.js">
        <metrics statements="6" coveredstatements="6" conditionals="0" coveredconditionals="0" methods="2" coveredmethods="2"/>
        <line num="1" count="5" type="stmt"/>
        <line num="3" count="5" type="stmt"/>
        <line num="4" count="5" type="stmt"/>
        <line num="16" count="5" type="stmt"/>
        <line num="17" count="5" type="stmt"/>
        <line num="20" count="5" type="stmt"/>
      </file>
    </package>
  </project>
</coverage>
