{"C:\\Users\\juanpiza\\Documents\\projects\\mutants\\app.js": {"path":"C:\\Users\\juanpiza\\Documents\\projects\\mutants\\app.js","statementMap":{"0":{"start":{"line":1,"column":16},"end":{"line":1,"column":34}},"1":{"start":{"line":2,"column":12},"end":{"line":2,"column":21}},"2":{"start":{"line":3,"column":15},"end":{"line":3,"column":32}},"3":{"start":{"line":4,"column":19},"end":{"line":4,"column":41}},"4":{"start":{"line":6,"column":22},"end":{"line":6,"column":60}},"5":{"start":{"line":8,"column":0},"end":{"line":8,"column":23}},"6":{"start":{"line":9,"column":0},"end":{"line":9,"column":52}},"7":{"start":{"line":10,"column":0},"end":{"line":10,"column":27}},"8":{"start":{"line":13,"column":0},"end":{"line":13,"column":28}},"9":{"start":{"line":15,"column":0},"end":{"line":15,"column":21}}},"fnMap":{},"branchMap":{},"s":{"0":6,"1":6,"2":6,"3":6,"4":6,"5":6,"6":6,"7":6,"8":6,"9":6},"f":{},"b":{},"_coverageSchema":"1a1c01bbd47fc00a2c39e90264f33305004495a9","hash":"cda978313eb72be125d3d593122008815e7511e2"}
,"C:\\Users\\juanpiza\\Documents\\projects\\mutants\\api\\controllers\\mutants.controller.js": {"path":"C:\\Users\\juanpiza\\Documents\\projects\\mutants\\api\\controllers\\mutants.controller.js","statementMap":{"0":{"start":{"line":1,"column":15},"end":{"line":1,"column":48}},"1":{"start":{"line":2,"column":17},"end":{"line":2,"column":36}},"2":{"start":{"line":6,"column":8},"end":{"line":34,"column":9}},"3":{"start":{"line":7,"column":30},"end":{"line":7,"column":42}},"4":{"start":{"line":8,"column":30},"end":{"line":8,"column":49}},"5":{"start":{"line":10,"column":27},"end":{"line":14,"column":14}},"6":{"start":{"line":16,"column":12},"end":{"line":16,"column":32}},"7":{"start":{"line":18,"column":12},"end":{"line":28,"column":13}},"8":{"start":{"line":19,"column":16},"end":{"line":22,"column":19}},"9":{"start":{"line":24,"column":16},"end":{"line":27,"column":19}},"10":{"start":{"line":31,"column":12},"end":{"line":33,"column":15}},"11":{"start":{"line":38,"column":8},"end":{"line":55,"column":9}},"12":{"start":{"line":39,"column":28},"end":{"line":41,"column":21}},"13":{"start":{"line":42,"column":27},"end":{"line":44,"column":21}},"14":{"start":{"line":45,"column":26},"end":{"line":45,"column":42}},"15":{"start":{"line":46,"column":12},"end":{"line":50,"column":15}},"16":{"start":{"line":52,"column":12},"end":{"line":54,"column":15}},"17":{"start":{"line":60,"column":22},"end":{"line":60,"column":23}},"18":{"start":{"line":61,"column":16},"end":{"line":61,"column":18}},"19":{"start":{"line":62,"column":19},"end":{"line":62,"column":20}},"20":{"start":{"line":63,"column":14},"end":{"line":68,"column":1}},"21":{"start":{"line":72,"column":4},"end":{"line":77,"column":6}},"22":{"start":{"line":78,"column":4},"end":{"line":78,"column":24}},"23":{"start":{"line":79,"column":4},"end":{"line":79,"column":19}},"24":{"start":{"line":80,"column":4},"end":{"line":80,"column":21}},"25":{"start":{"line":82,"column":25},"end":{"line":82,"column":29}},"26":{"start":{"line":84,"column":4},"end":{"line":106,"column":5}},"27":{"start":{"line":85,"column":8},"end":{"line":105,"column":9}},"28":{"start":{"line":87,"column":12},"end":{"line":87,"column":35}},"29":{"start":{"line":88,"column":12},"end":{"line":88,"column":18}},"30":{"start":{"line":90,"column":27},"end":{"line":90,"column":58}},"31":{"start":{"line":91,"column":12},"end":{"line":97,"column":13}},"32":{"start":{"line":92,"column":16},"end":{"line":96,"column":17}},"33":{"start":{"line":94,"column":20},"end":{"line":94,"column":43}},"34":{"start":{"line":95,"column":20},"end":{"line":95,"column":26}},"35":{"start":{"line":98,"column":12},"end":{"line":103,"column":13}},"36":{"start":{"line":99,"column":16},"end":{"line":99,"column":41}},"37":{"start":{"line":101,"column":16},"end":{"line":101,"column":39}},"38":{"start":{"line":102,"column":16},"end":{"line":102,"column":22}},"39":{"start":{"line":108,"column":4},"end":{"line":108,"column":47}},"40":{"start":{"line":108,"column":25},"end":{"line":108,"column":47}},"41":{"start":{"line":111,"column":4},"end":{"line":111,"column":36}},"42":{"start":{"line":115,"column":4},"end":{"line":139,"column":5}},"43":{"start":{"line":116,"column":8},"end":{"line":138,"column":9}},"44":{"start":{"line":117,"column":25},"end":{"line":117,"column":44}},"45":{"start":{"line":118,"column":12},"end":{"line":133,"column":13}},"46":{"start":{"line":119,"column":16},"end":{"line":132,"column":17}},"47":{"start":{"line":127,"column":20},"end":{"line":127,"column":69}},"48":{"start":{"line":130,"column":20},"end":{"line":130,"column":42}},"49":{"start":{"line":131,"column":20},"end":{"line":131,"column":26}},"50":{"start":{"line":136,"column":12},"end":{"line":136,"column":34}},"51":{"start":{"line":137,"column":12},"end":{"line":137,"column":18}},"52":{"start":{"line":141,"column":4},"end":{"line":141,"column":52}},"53":{"start":{"line":141,"column":29},"end":{"line":141,"column":52}},"54":{"start":{"line":143,"column":4},"end":{"line":143,"column":26}},"55":{"start":{"line":147,"column":4},"end":{"line":147,"column":77}},"56":{"start":{"line":151,"column":17},"end":{"line":151,"column":32}},"57":{"start":{"line":154,"column":4},"end":{"line":182,"column":5}},"58":{"start":{"line":156,"column":8},"end":{"line":181,"column":9}},"59":{"start":{"line":163,"column":25},"end":{"line":163,"column":69}},"60":{"start":{"line":173,"column":12},"end":{"line":180,"column":13}},"61":{"start":{"line":176,"column":16},"end":{"line":176,"column":34}},"62":{"start":{"line":177,"column":16},"end":{"line":177,"column":40}},"63":{"start":{"line":185,"column":4},"end":{"line":211,"column":5}},"64":{"start":{"line":187,"column":8},"end":{"line":210,"column":9}},"65":{"start":{"line":194,"column":25},"end":{"line":194,"column":69}},"66":{"start":{"line":202,"column":12},"end":{"line":209,"column":13}},"67":{"start":{"line":205,"column":16},"end":{"line":205,"column":34}},"68":{"start":{"line":206,"column":16},"end":{"line":206,"column":40}},"69":{"start":{"line":213,"column":4},"end":{"line":238,"column":5}},"70":{"start":{"line":215,"column":8},"end":{"line":237,"column":9}},"71":{"start":{"line":222,"column":25},"end":{"line":222,"column":81}},"72":{"start":{"line":229,"column":12},"end":{"line":236,"column":13}},"73":{"start":{"line":232,"column":16},"end":{"line":232,"column":34}},"74":{"start":{"line":233,"column":16},"end":{"line":233,"column":41}},"75":{"start":{"line":240,"column":4},"end":{"line":265,"column":5}},"76":{"start":{"line":242,"column":8},"end":{"line":264,"column":9}},"77":{"start":{"line":249,"column":25},"end":{"line":249,"column":81}},"78":{"start":{"line":256,"column":12},"end":{"line":263,"column":13}},"79":{"start":{"line":259,"column":16},"end":{"line":259,"column":34}},"80":{"start":{"line":260,"column":16},"end":{"line":260,"column":41}},"81":{"start":{"line":274,"column":4},"end":{"line":291,"column":5}},"82":{"start":{"line":276,"column":12},"end":{"line":278,"column":29}},"83":{"start":{"line":276,"column":46},"end":{"line":277,"column":40}},"84":{"start":{"line":280,"column":12},"end":{"line":282,"column":29}},"85":{"start":{"line":280,"column":46},"end":{"line":281,"column":40}},"86":{"start":{"line":284,"column":12},"end":{"line":286,"column":29}},"87":{"start":{"line":284,"column":47},"end":{"line":285,"column":40}},"88":{"start":{"line":288,"column":12},"end":{"line":290,"column":29}},"89":{"start":{"line":288,"column":47},"end":{"line":289,"column":40}},"90":{"start":{"line":295,"column":4},"end":{"line":308,"column":5}},"91":{"start":{"line":297,"column":12},"end":{"line":297,"column":71}},"92":{"start":{"line":298,"column":12},"end":{"line":298,"column":18}},"93":{"start":{"line":300,"column":12},"end":{"line":300,"column":71}},"94":{"start":{"line":301,"column":12},"end":{"line":301,"column":18}},"95":{"start":{"line":303,"column":12},"end":{"line":303,"column":72}},"96":{"start":{"line":304,"column":12},"end":{"line":304,"column":18}},"97":{"start":{"line":306,"column":12},"end":{"line":306,"column":72}},"98":{"start":{"line":307,"column":12},"end":{"line":307,"column":18}},"99":{"start":{"line":333,"column":0},"end":{"line":333,"column":53}}},"fnMap":{"0":{"name":"(anonymous_0)","decl":{"start":{"line":5,"column":4},"end":{"line":5,"column":5}},"loc":{"start":{"line":5,"column":45},"end":{"line":35,"column":5}},"line":5},"1":{"name":"(anonymous_1)","decl":{"start":{"line":37,"column":4},"end":{"line":37,"column":5}},"loc":{"start":{"line":37,"column":49},"end":{"line":56,"column":5}},"line":37},"2":{"name":"isMutant","decl":{"start":{"line":70,"column":9},"end":{"line":70,"column":17}},"loc":{"start":{"line":70,"column":31},"end":{"line":144,"column":1}},"line":70},"3":{"name":"checkLetters","decl":{"start":{"line":146,"column":9},"end":{"line":146,"column":21}},"loc":{"start":{"line":146,"column":30},"end":{"line":148,"column":1}},"line":146},"4":{"name":"checkDNA","decl":{"start":{"line":150,"column":9},"end":{"line":150,"column":17}},"loc":{"start":{"line":150,"column":24},"end":{"line":266,"column":1}},"line":150},"5":{"name":"checkVisited","decl":{"start":{"line":268,"column":9},"end":{"line":268,"column":21}},"loc":{"start":{"line":268,"column":36},"end":{"line":292,"column":1}},"line":268},"6":{"name":"(anonymous_6)","decl":{"start":{"line":276,"column":34},"end":{"line":276,"column":35}},"loc":{"start":{"line":276,"column":46},"end":{"line":277,"column":40}},"line":276},"7":{"name":"(anonymous_7)","decl":{"start":{"line":280,"column":34},"end":{"line":280,"column":35}},"loc":{"start":{"line":280,"column":46},"end":{"line":281,"column":40}},"line":280},"8":{"name":"(anonymous_8)","decl":{"start":{"line":284,"column":35},"end":{"line":284,"column":36}},"loc":{"start":{"line":284,"column":47},"end":{"line":285,"column":40}},"line":284},"9":{"name":"(anonymous_9)","decl":{"start":{"line":288,"column":35},"end":{"line":288,"column":36}},"loc":{"start":{"line":288,"column":47},"end":{"line":289,"column":40}},"line":288},"10":{"name":"setVisited","decl":{"start":{"line":294,"column":9},"end":{"line":294,"column":19}},"loc":{"start":{"line":294,"column":34},"end":{"line":309,"column":1}},"line":294}},"branchMap":{"0":{"loc":{"start":{"line":6,"column":8},"end":{"line":34,"column":9}},"type":"if","locations":[{"start":{"line":6,"column":8},"end":{"line":34,"column":9}},{"start":{"line":6,"column":8},"end":{"line":34,"column":9}}],"line":6},"1":{"loc":{"start":{"line":18,"column":12},"end":{"line":28,"column":13}},"type":"if","locations":[{"start":{"line":18,"column":12},"end":{"line":28,"column":13}},{"start":{"line":18,"column":12},"end":{"line":28,"column":13}}],"line":18},"2":{"loc":{"start":{"line":85,"column":8},"end":{"line":105,"column":9}},"type":"if","locations":[{"start":{"line":85,"column":8},"end":{"line":105,"column":9}},{"start":{"line":85,"column":8},"end":{"line":105,"column":9}}],"line":85},"3":{"loc":{"start":{"line":92,"column":16},"end":{"line":96,"column":17}},"type":"if","locations":[{"start":{"line":92,"column":16},"end":{"line":96,"column":17}},{"start":{"line":92,"column":16},"end":{"line":96,"column":17}}],"line":92},"4":{"loc":{"start":{"line":98,"column":12},"end":{"line":103,"column":13}},"type":"if","locations":[{"start":{"line":98,"column":12},"end":{"line":103,"column":13}},{"start":{"line":98,"column":12},"end":{"line":103,"column":13}}],"line":98},"5":{"loc":{"start":{"line":108,"column":4},"end":{"line":108,"column":47}},"type":"if","locations":[{"start":{"line":108,"column":4},"end":{"line":108,"column":47}},{"start":{"line":108,"column":4},"end":{"line":108,"column":47}}],"line":108},"6":{"loc":{"start":{"line":116,"column":8},"end":{"line":138,"column":9}},"type":"if","locations":[{"start":{"line":116,"column":8},"end":{"line":138,"column":9}},{"start":{"line":116,"column":8},"end":{"line":138,"column":9}}],"line":116},"7":{"loc":{"start":{"line":119,"column":16},"end":{"line":132,"column":17}},"type":"if","locations":[{"start":{"line":119,"column":16},"end":{"line":132,"column":17}},{"start":{"line":119,"column":16},"end":{"line":132,"column":17}}],"line":119},"8":{"loc":{"start":{"line":141,"column":4},"end":{"line":141,"column":52}},"type":"if","locations":[{"start":{"line":141,"column":4},"end":{"line":141,"column":52}},{"start":{"line":141,"column":4},"end":{"line":141,"column":52}}],"line":141},"9":{"loc":{"start":{"line":147,"column":12},"end":{"line":147,"column":76}},"type":"binary-expr","locations":[{"start":{"line":147,"column":12},"end":{"line":147,"column":25}},{"start":{"line":147,"column":29},"end":{"line":147,"column":42}},{"start":{"line":147,"column":46},"end":{"line":147,"column":59}},{"start":{"line":147,"column":63},"end":{"line":147,"column":76}}],"line":147},"10":{"loc":{"start":{"line":154,"column":4},"end":{"line":182,"column":5}},"type":"if","locations":[{"start":{"line":154,"column":4},"end":{"line":182,"column":5}},{"start":{"line":154,"column":4},"end":{"line":182,"column":5}}],"line":154},"11":{"loc":{"start":{"line":154,"column":8},"end":{"line":154,"column":83}},"type":"binary-expr","locations":[{"start":{"line":154,"column":8},"end":{"line":154,"column":30}},{"start":{"line":154,"column":34},"end":{"line":154,"column":60}},{"start":{"line":154,"column":64},"end":{"line":154,"column":83}}],"line":154},"12":{"loc":{"start":{"line":156,"column":8},"end":{"line":181,"column":9}},"type":"if","locations":[{"start":{"line":156,"column":8},"end":{"line":181,"column":9}},{"start":{"line":156,"column":8},"end":{"line":181,"column":9}}],"line":156},"13":{"loc":{"start":{"line":156,"column":12},"end":{"line":158,"column":41}},"type":"binary-expr","locations":[{"start":{"line":156,"column":12},"end":{"line":156,"column":41}},{"start":{"line":157,"column":12},"end":{"line":157,"column":41}},{"start":{"line":158,"column":12},"end":{"line":158,"column":41}}],"line":156},"14":{"loc":{"start":{"line":173,"column":12},"end":{"line":180,"column":13}},"type":"if","locations":[{"start":{"line":173,"column":12},"end":{"line":180,"column":13}},{"start":{"line":173,"column":12},"end":{"line":180,"column":13}}],"line":173},"15":{"loc":{"start":{"line":173,"column":16},"end":{"line":175,"column":46}},"type":"binary-expr","locations":[{"start":{"line":173,"column":16},"end":{"line":173,"column":46}},{"start":{"line":174,"column":16},"end":{"line":174,"column":46}},{"start":{"line":175,"column":16},"end":{"line":175,"column":46}}],"line":173},"16":{"loc":{"start":{"line":185,"column":4},"end":{"line":211,"column":5}},"type":"if","locations":[{"start":{"line":185,"column":4},"end":{"line":211,"column":5}},{"start":{"line":185,"column":4},"end":{"line":211,"column":5}}],"line":185},"17":{"loc":{"start":{"line":185,"column":8},"end":{"line":185,"column":83}},"type":"binary-expr","locations":[{"start":{"line":185,"column":8},"end":{"line":185,"column":30}},{"start":{"line":185,"column":34},"end":{"line":185,"column":60}},{"start":{"line":185,"column":64},"end":{"line":185,"column":83}}],"line":185},"18":{"loc":{"start":{"line":187,"column":8},"end":{"line":210,"column":9}},"type":"if","locations":[{"start":{"line":187,"column":8},"end":{"line":210,"column":9}},{"start":{"line":187,"column":8},"end":{"line":210,"column":9}}],"line":187},"19":{"loc":{"start":{"line":187,"column":12},"end":{"line":189,"column":41}},"type":"binary-expr","locations":[{"start":{"line":187,"column":12},"end":{"line":187,"column":41}},{"start":{"line":188,"column":12},"end":{"line":188,"column":41}},{"start":{"line":189,"column":12},"end":{"line":189,"column":41}}],"line":187},"20":{"loc":{"start":{"line":202,"column":12},"end":{"line":209,"column":13}},"type":"if","locations":[{"start":{"line":202,"column":12},"end":{"line":209,"column":13}},{"start":{"line":202,"column":12},"end":{"line":209,"column":13}}],"line":202},"21":{"loc":{"start":{"line":202,"column":16},"end":{"line":204,"column":46}},"type":"binary-expr","locations":[{"start":{"line":202,"column":16},"end":{"line":202,"column":46}},{"start":{"line":203,"column":16},"end":{"line":203,"column":46}},{"start":{"line":204,"column":16},"end":{"line":204,"column":46}}],"line":202},"22":{"loc":{"start":{"line":213,"column":4},"end":{"line":238,"column":5}},"type":"if","locations":[{"start":{"line":213,"column":4},"end":{"line":238,"column":5}},{"start":{"line":213,"column":4},"end":{"line":238,"column":5}}],"line":213},"23":{"loc":{"start":{"line":213,"column":8},"end":{"line":213,"column":110}},"type":"binary-expr","locations":[{"start":{"line":213,"column":8},"end":{"line":213,"column":30}},{"start":{"line":213,"column":34},"end":{"line":213,"column":56}},{"start":{"line":213,"column":60},"end":{"line":213,"column":87}},{"start":{"line":213,"column":91},"end":{"line":213,"column":110}}],"line":213},"24":{"loc":{"start":{"line":215,"column":8},"end":{"line":237,"column":9}},"type":"if","locations":[{"start":{"line":215,"column":8},"end":{"line":237,"column":9}},{"start":{"line":215,"column":8},"end":{"line":237,"column":9}}],"line":215},"25":{"loc":{"start":{"line":215,"column":12},"end":{"line":217,"column":45}},"type":"binary-expr","locations":[{"start":{"line":215,"column":12},"end":{"line":215,"column":45}},{"start":{"line":216,"column":12},"end":{"line":216,"column":45}},{"start":{"line":217,"column":12},"end":{"line":217,"column":45}}],"line":215},"26":{"loc":{"start":{"line":229,"column":12},"end":{"line":236,"column":13}},"type":"if","locations":[{"start":{"line":229,"column":12},"end":{"line":236,"column":13}},{"start":{"line":229,"column":12},"end":{"line":236,"column":13}}],"line":229},"27":{"loc":{"start":{"line":229,"column":16},"end":{"line":231,"column":51}},"type":"binary-expr","locations":[{"start":{"line":229,"column":16},"end":{"line":229,"column":51}},{"start":{"line":230,"column":16},"end":{"line":230,"column":51}},{"start":{"line":231,"column":16},"end":{"line":231,"column":51}}],"line":229},"28":{"loc":{"start":{"line":240,"column":4},"end":{"line":265,"column":5}},"type":"if","locations":[{"start":{"line":240,"column":4},"end":{"line":265,"column":5}},{"start":{"line":240,"column":4},"end":{"line":265,"column":5}}],"line":240},"29":{"loc":{"start":{"line":240,"column":8},"end":{"line":240,"column":94}},"type":"binary-expr","locations":[{"start":{"line":240,"column":8},"end":{"line":240,"column":14}},{"start":{"line":240,"column":18},"end":{"line":240,"column":40}},{"start":{"line":240,"column":44},"end":{"line":240,"column":71}},{"start":{"line":240,"column":75},"end":{"line":240,"column":94}}],"line":240},"30":{"loc":{"start":{"line":242,"column":8},"end":{"line":264,"column":9}},"type":"if","locations":[{"start":{"line":242,"column":8},"end":{"line":264,"column":9}},{"start":{"line":242,"column":8},"end":{"line":264,"column":9}}],"line":242},"31":{"loc":{"start":{"line":242,"column":12},"end":{"line":244,"column":45}},"type":"binary-expr","locations":[{"start":{"line":242,"column":12},"end":{"line":242,"column":45}},{"start":{"line":243,"column":12},"end":{"line":243,"column":45}},{"start":{"line":244,"column":12},"end":{"line":244,"column":45}}],"line":242},"32":{"loc":{"start":{"line":256,"column":12},"end":{"line":263,"column":13}},"type":"if","locations":[{"start":{"line":256,"column":12},"end":{"line":263,"column":13}},{"start":{"line":256,"column":12},"end":{"line":263,"column":13}}],"line":256},"33":{"loc":{"start":{"line":256,"column":16},"end":{"line":258,"column":51}},"type":"binary-expr","locations":[{"start":{"line":256,"column":16},"end":{"line":256,"column":51}},{"start":{"line":257,"column":16},"end":{"line":257,"column":51}},{"start":{"line":258,"column":16},"end":{"line":258,"column":51}}],"line":256},"34":{"loc":{"start":{"line":274,"column":4},"end":{"line":291,"column":5}},"type":"switch","locations":[{"start":{"line":275,"column":8},"end":{"line":278,"column":29}},{"start":{"line":279,"column":8},"end":{"line":282,"column":29}},{"start":{"line":283,"column":8},"end":{"line":286,"column":29}},{"start":{"line":287,"column":8},"end":{"line":290,"column":29}}],"line":274},"35":{"loc":{"start":{"line":276,"column":19},"end":{"line":278,"column":28}},"type":"cond-expr","locations":[{"start":{"line":278,"column":16},"end":{"line":278,"column":20}},{"start":{"line":278,"column":23},"end":{"line":278,"column":28}}],"line":276},"36":{"loc":{"start":{"line":276,"column":46},"end":{"line":277,"column":40}},"type":"binary-expr","locations":[{"start":{"line":276,"column":46},"end":{"line":276,"column":70}},{"start":{"line":277,"column":16},"end":{"line":277,"column":40}}],"line":276},"37":{"loc":{"start":{"line":280,"column":19},"end":{"line":282,"column":28}},"type":"cond-expr","locations":[{"start":{"line":282,"column":16},"end":{"line":282,"column":20}},{"start":{"line":282,"column":23},"end":{"line":282,"column":28}}],"line":280},"38":{"loc":{"start":{"line":280,"column":46},"end":{"line":281,"column":40}},"type":"binary-expr","locations":[{"start":{"line":280,"column":46},"end":{"line":280,"column":70}},{"start":{"line":281,"column":16},"end":{"line":281,"column":40}}],"line":280},"39":{"loc":{"start":{"line":284,"column":19},"end":{"line":286,"column":28}},"type":"cond-expr","locations":[{"start":{"line":286,"column":16},"end":{"line":286,"column":20}},{"start":{"line":286,"column":23},"end":{"line":286,"column":28}}],"line":284},"40":{"loc":{"start":{"line":284,"column":47},"end":{"line":285,"column":40}},"type":"binary-expr","locations":[{"start":{"line":284,"column":47},"end":{"line":284,"column":71}},{"start":{"line":285,"column":16},"end":{"line":285,"column":40}}],"line":284},"41":{"loc":{"start":{"line":288,"column":19},"end":{"line":290,"column":28}},"type":"cond-expr","locations":[{"start":{"line":290,"column":16},"end":{"line":290,"column":20}},{"start":{"line":290,"column":23},"end":{"line":290,"column":28}}],"line":288},"42":{"loc":{"start":{"line":288,"column":47},"end":{"line":289,"column":40}},"type":"binary-expr","locations":[{"start":{"line":288,"column":47},"end":{"line":288,"column":71}},{"start":{"line":289,"column":16},"end":{"line":289,"column":40}}],"line":288},"43":{"loc":{"start":{"line":295,"column":4},"end":{"line":308,"column":5}},"type":"switch","locations":[{"start":{"line":296,"column":8},"end":{"line":298,"column":18}},{"start":{"line":299,"column":8},"end":{"line":301,"column":18}},{"start":{"line":302,"column":8},"end":{"line":304,"column":18}},{"start":{"line":305,"column":8},"end":{"line":307,"column":18}}],"line":295}},"s":{"0":6,"1":6,"2":30,"3":29,"4":29,"5":29,"6":29,"7":29,"8":18,"9":11,"10":1,"11":1,"12":1,"13":1,"14":1,"15":1,"16":0,"17":6,"18":6,"19":6,"20":6,"21":29,"22":29,"23":29,"24":29,"25":29,"26":29,"27":221,"28":3,"29":3,"30":218,"31":218,"32":3634,"33":1,"34":1,"35":218,"36":217,"37":1,"38":1,"39":29,"40":4,"41":25,"42":25,"43":125,"44":111,"45":111,"46":1005,"47":990,"48":15,"49":15,"50":14,"51":14,"52":25,"53":7,"54":25,"55":3634,"56":990,"57":990,"58":696,"59":10,"60":10,"61":10,"62":10,"63":990,"64":770,"65":15,"66":15,"67":15,"68":15,"69":990,"70":571,"71":9,"72":9,"73":9,"74":9,"75":990,"76":547,"77":8,"78":8,"79":8,"80":8,"81":2745,"82":730,"83":146,"84":827,"85":484,"86":606,"87":101,"88":582,"89":108,"90":42,"91":10,"92":10,"93":15,"94":15,"95":9,"96":9,"97":8,"98":8,"99":6},"f":{"0":30,"1":1,"2":29,"3":3634,"4":990,"5":2745,"6":146,"7":484,"8":101,"9":108,"10":42},"b":{"0":[29,1],"1":[18,11],"2":[3,218],"3":[1,3633],"4":[217,1],"5":[4,25],"6":[111,14],"7":[990,15],"8":[7,18],"9":[3634,2745,1782,901],"10":[696,294],"11":[990,700,696],"12":[10,686],"13":[696,159,36],"14":[10,0],"15":[10,10,10],"16":[770,220],"17":[990,782,771],"18":[15,755],"19":[770,175,48],"20":[15,0],"21":[15,15,15],"22":[571,419],"23":[990,782,579,575],"24":[9,562],"25":[571,132,33],"26":[9,0],"27":[9,9,9],"28":[547,443],"29":[990,669,558,550],"30":[8,539],"31":[547,133,39],"32":[8,0],"33":[8,8,8],"34":[730,827,606,582],"35":[4,726],"36":[146,10],"37":[11,816],"38":[484,123],"39":[4,602],"40":[101,25],"41":[8,574],"42":[108,28],"43":[10,15,9,8]},"_coverageSchema":"1a1c01bbd47fc00a2c39e90264f33305004495a9","hash":"bc7b644da4371a75bba0a755d539e993144c8138"}
,"C:\\Users\\juanpiza\\Documents\\projects\\mutants\\api\\models\\mutant.model.js": {"path":"C:\\Users\\juanpiza\\Documents\\projects\\mutants\\api\\models\\mutant.model.js","statementMap":{"0":{"start":{"line":1,"column":17},"end":{"line":1,"column":36}},"1":{"start":{"line":3,"column":21},"end":{"line":7,"column":24}},"2":{"start":{"line":9,"column":0},"end":{"line":9,"column":56}}},"fnMap":{},"branchMap":{},"s":{"0":6,"1":6,"2":6},"f":{},"b":{},"_coverageSchema":"1a1c01bbd47fc00a2c39e90264f33305004495a9","hash":"6222a715e9f213626f7bd9fe2258e14760a83899"}
,"C:\\Users\\juanpiza\\Documents\\projects\\mutants\\api\\routes\\mutants.routes.js": {"path":"C:\\Users\\juanpiza\\Documents\\projects\\mutants\\api\\routes\\mutants.routes.js","statementMap":{"0":{"start":{"line":1,"column":16},"end":{"line":1,"column":34}},"1":{"start":{"line":2,"column":15},"end":{"line":2,"column":31}},"2":{"start":{"line":3,"column":20},"end":{"line":3,"column":64}},"3":{"start":{"line":5,"column":0},"end":{"line":7,"column":3}},"4":{"start":{"line":6,"column":4},"end":{"line":6,"column":31}},"5":{"start":{"line":8,"column":0},"end":{"line":8,"column":67}},"6":{"start":{"line":9,"column":0},"end":{"line":9,"column":68}},"7":{"start":{"line":11,"column":0},"end":{"line":11,"column":24}}},"fnMap":{"0":{"name":"(anonymous_0)","decl":{"start":{"line":5,"column":17},"end":{"line":5,"column":18}},"loc":{"start":{"line":5,"column":37},"end":{"line":7,"column":1}},"line":5}},"branchMap":{},"s":{"0":6,"1":6,"2":6,"3":6,"4":1,"5":6,"6":6,"7":6},"f":{"0":1},"b":{},"_coverageSchema":"1a1c01bbd47fc00a2c39e90264f33305004495a9","hash":"6891971820e9d4bd5e473502ad8547c6760dc2d1"}
,"C:\\Users\\juanpiza\\Documents\\projects\\mutants\\connections\\db_connection.js": {"path":"C:\\Users\\juanpiza\\Documents\\projects\\mutants\\connections\\db_connection.js","statementMap":{"0":{"start":{"line":1,"column":17},"end":{"line":1,"column":36}},"1":{"start":{"line":3,"column":18},"end":{"line":14,"column":1}},"2":{"start":{"line":4,"column":4},"end":{"line":13,"column":11}},"3":{"start":{"line":16,"column":24},"end":{"line":18,"column":1}},"4":{"start":{"line":17,"column":4},"end":{"line":17,"column":39}},"5":{"start":{"line":20,"column":0},"end":{"line":20,"column":48}}},"fnMap":{"0":{"name":"(anonymous_0)","decl":{"start":{"line":3,"column":18},"end":{"line":3,"column":19}},"loc":{"start":{"line":3,"column":24},"end":{"line":14,"column":1}},"line":3},"1":{"name":"(anonymous_1)","decl":{"start":{"line":16,"column":24},"end":{"line":16,"column":25}},"loc":{"start":{"line":16,"column":30},"end":{"line":18,"column":1}},"line":16}},"branchMap":{},"s":{"0":5,"1":5,"2":5,"3":5,"4":5,"5":5},"f":{"0":5,"1":5},"b":{},"_coverageSchema":"1a1c01bbd47fc00a2c39e90264f33305004495a9","hash":"98904af3bf914c37ba2758616d1786adfaea9ca9"}
}
