{"C:\\Users\\juanpiza\\Documents\\projects\\mutants\\app.js": {"path":"C:\\Users\\juanpiza\\Documents\\projects\\mutants\\app.js","statementMap":{"0":{"start":{"line":1,"column":16},"end":{"line":1,"column":34}},"1":{"start":{"line":2,"column":12},"end":{"line":2,"column":21}},"2":{"start":{"line":3,"column":15},"end":{"line":3,"column":32}},"3":{"start":{"line":4,"column":19},"end":{"line":4,"column":41}},"4":{"start":{"line":6,"column":22},"end":{"line":6,"column":60}},"5":{"start":{"line":8,"column":0},"end":{"line":8,"column":23}},"6":{"start":{"line":9,"column":0},"end":{"line":9,"column":52}},"7":{"start":{"line":10,"column":0},"end":{"line":10,"column":27}},"8":{"start":{"line":13,"column":0},"end":{"line":13,"column":28}},"9":{"start":{"line":15,"column":0},"end":{"line":15,"column":21}}},"fnMap":{},"branchMap":{},"s":{"0":6,"1":6,"2":6,"3":6,"4":6,"5":6,"6":6,"7":6,"8":6,"9":6},"f":{},"b":{},"_coverageSchema":"1a1c01bbd47fc00a2c39e90264f33305004495a9","hash":"cda978313eb72be125d3d593122008815e7511e2"}
,"C:\\Users\\juanpiza\\Documents\\projects\\mutants\\api\\controllers\\mutants.controller.js": {"path":"C:\\Users\\juanpiza\\Documents\\projects\\mutants\\api\\controllers\\mutants.controller.js","statementMap":{"0":{"start":{"line":1,"column":15},"end":{"line":1,"column":48}},"1":{"start":{"line":2,"column":17},"end":{"line":2,"column":36}},"2":{"start":{"line":3,"column":19},"end":{"line":3,"column":48}},"3":{"start":{"line":7,"column":8},"end":{"line":42,"column":9}},"4":{"start":{"line":8,"column":30},"end":{"line":8,"column":42}},"5":{"start":{"line":9,"column":31},"end":{"line":9,"column":64}},"6":{"start":{"line":11,"column":12},"end":{"line":37,"column":13}},"7":{"start":{"line":12,"column":34},"end":{"line":12,"column":67}},"8":{"start":{"line":14,"column":31},"end":{"line":18,"column":18}},"9":{"start":{"line":20,"column":16},"end":{"line":20,"column":36}},"10":{"start":{"line":22,"column":16},"end":{"line":32,"column":17}},"11":{"start":{"line":23,"column":20},"end":{"line":26,"column":23}},"12":{"start":{"line":28,"column":20},"end":{"line":31,"column":23}},"13":{"start":{"line":34,"column":16},"end":{"line":36,"column":19}},"14":{"start":{"line":39,"column":12},"end":{"line":41,"column":15}},"15":{"start":{"line":46,"column":8},"end":{"line":64,"column":9}},"16":{"start":{"line":47,"column":28},"end":{"line":49,"column":21}},"17":{"start":{"line":50,"column":27},"end":{"line":52,"column":21}},"18":{"start":{"line":53,"column":26},"end":{"line":53,"column":61}},"19":{"start":{"line":55,"column":12},"end":{"line":59,"column":15}},"20":{"start":{"line":61,"column":12},"end":{"line":63,"column":15}},"21":{"start":{"line":68,"column":0},"end":{"line":68,"column":53}}},"fnMap":{"0":{"name":"(anonymous_0)","decl":{"start":{"line":6,"column":4},"end":{"line":6,"column":5}},"loc":{"start":{"line":6,"column":45},"end":{"line":43,"column":5}},"line":6},"1":{"name":"(anonymous_1)","decl":{"start":{"line":45,"column":4},"end":{"line":45,"column":5}},"loc":{"start":{"line":45,"column":49},"end":{"line":65,"column":5}},"line":45}},"branchMap":{"0":{"loc":{"start":{"line":7,"column":8},"end":{"line":42,"column":9}},"type":"if","locations":[{"start":{"line":7,"column":8},"end":{"line":42,"column":9}},{"start":{"line":7,"column":8},"end":{"line":42,"column":9}}],"line":7},"1":{"loc":{"start":{"line":11,"column":12},"end":{"line":37,"column":13}},"type":"if","locations":[{"start":{"line":11,"column":12},"end":{"line":37,"column":13}},{"start":{"line":11,"column":12},"end":{"line":37,"column":13}}],"line":11},"2":{"loc":{"start":{"line":22,"column":16},"end":{"line":32,"column":17}},"type":"if","locations":[{"start":{"line":22,"column":16},"end":{"line":32,"column":17}},{"start":{"line":22,"column":16},"end":{"line":32,"column":17}}],"line":22},"3":{"loc":{"start":{"line":53,"column":26},"end":{"line":53,"column":61}},"type":"cond-expr","locations":[{"start":{"line":53,"column":40},"end":{"line":53,"column":56}},{"start":{"line":53,"column":60},"end":{"line":53,"column":61}}],"line":53}},"s":{"0":6,"1":6,"2":6,"3":31,"4":30,"5":30,"6":30,"7":25,"8":25,"9":25,"10":25,"11":18,"12":7,"13":5,"14":1,"15":1,"16":1,"17":1,"18":1,"19":1,"20":0,"21":6},"f":{"0":31,"1":1},"b":{"0":[30,1],"1":[25,5],"2":[18,7],"3":[1,0]},"_coverageSchema":"1a1c01bbd47fc00a2c39e90264f33305004495a9","hash":"8e552b826a3af32e4d95e6bf3d00c40d2b422a39"}
,"C:\\Users\\juanpiza\\Documents\\projects\\mutants\\api\\lib\\mutants.lib.js": {"path":"C:\\Users\\juanpiza\\Documents\\projects\\mutants\\api\\lib\\mutants.lib.js","statementMap":{"0":{"start":{"line":1,"column":22},"end":{"line":1,"column":23}},"1":{"start":{"line":2,"column":16},"end":{"line":2,"column":18}},"2":{"start":{"line":3,"column":19},"end":{"line":3,"column":20}},"3":{"start":{"line":4,"column":14},"end":{"line":9,"column":1}},"4":{"start":{"line":12,"column":25},"end":{"line":12,"column":29}},"5":{"start":{"line":13,"column":17},"end":{"line":13,"column":19}},"6":{"start":{"line":14,"column":4},"end":{"line":41,"column":5}},"7":{"start":{"line":15,"column":8},"end":{"line":38,"column":9}},"8":{"start":{"line":17,"column":12},"end":{"line":37,"column":13}},"9":{"start":{"line":18,"column":16},"end":{"line":18,"column":39}},"10":{"start":{"line":19,"column":16},"end":{"line":19,"column":35}},"11":{"start":{"line":20,"column":16},"end":{"line":20,"column":22}},"12":{"start":{"line":22,"column":31},"end":{"line":22,"column":62}},"13":{"start":{"line":23,"column":16},"end":{"line":29,"column":17}},"14":{"start":{"line":24,"column":20},"end":{"line":28,"column":21}},"15":{"start":{"line":25,"column":24},"end":{"line":25,"column":47}},"16":{"start":{"line":26,"column":24},"end":{"line":26,"column":43}},"17":{"start":{"line":27,"column":24},"end":{"line":27,"column":30}},"18":{"start":{"line":30,"column":16},"end":{"line":35,"column":17}},"19":{"start":{"line":31,"column":20},"end":{"line":31,"column":42}},"20":{"start":{"line":33,"column":20},"end":{"line":33,"column":43}},"21":{"start":{"line":34,"column":20},"end":{"line":34,"column":26}},"22":{"start":{"line":40,"column":8},"end":{"line":40,"column":27}},"23":{"start":{"line":42,"column":4},"end":{"line":42,"column":18}},"24":{"start":{"line":47,"column":4},"end":{"line":52,"column":6}},"25":{"start":{"line":53,"column":4},"end":{"line":53,"column":24}},"26":{"start":{"line":54,"column":4},"end":{"line":54,"column":23}},"27":{"start":{"line":55,"column":4},"end":{"line":55,"column":36}},"28":{"start":{"line":58,"column":4},"end":{"line":71,"column":5}},"29":{"start":{"line":59,"column":8},"end":{"line":70,"column":9}},"30":{"start":{"line":60,"column":25},"end":{"line":60,"column":44}},"31":{"start":{"line":61,"column":12},"end":{"line":67,"column":13}},"32":{"start":{"line":62,"column":16},"end":{"line":66,"column":17}},"33":{"start":{"line":63,"column":20},"end":{"line":63,"column":69}},"34":{"start":{"line":65,"column":20},"end":{"line":65,"column":26}},"35":{"start":{"line":69,"column":12},"end":{"line":69,"column":18}},"36":{"start":{"line":73,"column":4},"end":{"line":73,"column":33}},"37":{"start":{"line":77,"column":4},"end":{"line":77,"column":77}},"38":{"start":{"line":81,"column":17},"end":{"line":81,"column":32}},"39":{"start":{"line":84,"column":4},"end":{"line":97,"column":5}},"40":{"start":{"line":85,"column":8},"end":{"line":96,"column":9}},"41":{"start":{"line":89,"column":25},"end":{"line":89,"column":69}},"42":{"start":{"line":90,"column":12},"end":{"line":95,"column":13}},"43":{"start":{"line":93,"column":16},"end":{"line":93,"column":34}},"44":{"start":{"line":94,"column":16},"end":{"line":94,"column":40}},"45":{"start":{"line":100,"column":4},"end":{"line":113,"column":5}},"46":{"start":{"line":101,"column":8},"end":{"line":112,"column":9}},"47":{"start":{"line":105,"column":25},"end":{"line":105,"column":69}},"48":{"start":{"line":106,"column":12},"end":{"line":111,"column":13}},"49":{"start":{"line":109,"column":16},"end":{"line":109,"column":34}},"50":{"start":{"line":110,"column":16},"end":{"line":110,"column":40}},"51":{"start":{"line":115,"column":4},"end":{"line":129,"column":5}},"52":{"start":{"line":116,"column":8},"end":{"line":128,"column":9}},"53":{"start":{"line":120,"column":25},"end":{"line":120,"column":81}},"54":{"start":{"line":122,"column":12},"end":{"line":127,"column":13}},"55":{"start":{"line":125,"column":16},"end":{"line":125,"column":34}},"56":{"start":{"line":126,"column":16},"end":{"line":126,"column":41}},"57":{"start":{"line":131,"column":4},"end":{"line":144,"column":5}},"58":{"start":{"line":132,"column":8},"end":{"line":143,"column":9}},"59":{"start":{"line":136,"column":25},"end":{"line":136,"column":81}},"60":{"start":{"line":137,"column":12},"end":{"line":142,"column":13}},"61":{"start":{"line":140,"column":16},"end":{"line":140,"column":34}},"62":{"start":{"line":141,"column":16},"end":{"line":141,"column":41}},"63":{"start":{"line":148,"column":4},"end":{"line":165,"column":5}},"64":{"start":{"line":150,"column":12},"end":{"line":152,"column":29}},"65":{"start":{"line":150,"column":46},"end":{"line":151,"column":40}},"66":{"start":{"line":154,"column":12},"end":{"line":156,"column":29}},"67":{"start":{"line":154,"column":46},"end":{"line":155,"column":40}},"68":{"start":{"line":158,"column":12},"end":{"line":160,"column":29}},"69":{"start":{"line":158,"column":47},"end":{"line":159,"column":40}},"70":{"start":{"line":162,"column":12},"end":{"line":164,"column":29}},"71":{"start":{"line":162,"column":47},"end":{"line":163,"column":40}},"72":{"start":{"line":169,"column":4},"end":{"line":182,"column":5}},"73":{"start":{"line":171,"column":12},"end":{"line":171,"column":71}},"74":{"start":{"line":172,"column":12},"end":{"line":172,"column":18}},"75":{"start":{"line":174,"column":12},"end":{"line":174,"column":71}},"76":{"start":{"line":175,"column":12},"end":{"line":175,"column":18}},"77":{"start":{"line":177,"column":12},"end":{"line":177,"column":72}},"78":{"start":{"line":178,"column":12},"end":{"line":178,"column":18}},"79":{"start":{"line":180,"column":12},"end":{"line":180,"column":72}},"80":{"start":{"line":181,"column":12},"end":{"line":181,"column":18}},"81":{"start":{"line":185,"column":0},"end":{"line":185,"column":43}}},"fnMap":{"0":{"name":"validateDNA","decl":{"start":{"line":11,"column":9},"end":{"line":11,"column":20}},"loc":{"start":{"line":11,"column":34},"end":{"line":43,"column":1}},"line":11},"1":{"name":"isMutant","decl":{"start":{"line":45,"column":9},"end":{"line":45,"column":17}},"loc":{"start":{"line":45,"column":26},"end":{"line":74,"column":1}},"line":45},"2":{"name":"checkLetters","decl":{"start":{"line":76,"column":9},"end":{"line":76,"column":21}},"loc":{"start":{"line":76,"column":30},"end":{"line":78,"column":1}},"line":76},"3":{"name":"checkDNA","decl":{"start":{"line":80,"column":9},"end":{"line":80,"column":17}},"loc":{"start":{"line":80,"column":24},"end":{"line":145,"column":1}},"line":80},"4":{"name":"checkVisited","decl":{"start":{"line":147,"column":9},"end":{"line":147,"column":21}},"loc":{"start":{"line":147,"column":36},"end":{"line":166,"column":1}},"line":147},"5":{"name":"(anonymous_5)","decl":{"start":{"line":150,"column":34},"end":{"line":150,"column":35}},"loc":{"start":{"line":150,"column":46},"end":{"line":151,"column":40}},"line":150},"6":{"name":"(anonymous_6)","decl":{"start":{"line":154,"column":34},"end":{"line":154,"column":35}},"loc":{"start":{"line":154,"column":46},"end":{"line":155,"column":40}},"line":154},"7":{"name":"(anonymous_7)","decl":{"start":{"line":158,"column":35},"end":{"line":158,"column":36}},"loc":{"start":{"line":158,"column":47},"end":{"line":159,"column":40}},"line":158},"8":{"name":"(anonymous_8)","decl":{"start":{"line":162,"column":35},"end":{"line":162,"column":36}},"loc":{"start":{"line":162,"column":47},"end":{"line":163,"column":40}},"line":162},"9":{"name":"setVisited","decl":{"start":{"line":168,"column":9},"end":{"line":168,"column":19}},"loc":{"start":{"line":168,"column":34},"end":{"line":183,"column":1}},"line":168}},"branchMap":{"0":{"loc":{"start":{"line":14,"column":4},"end":{"line":41,"column":5}},"type":"if","locations":[{"start":{"line":14,"column":4},"end":{"line":41,"column":5}},{"start":{"line":14,"column":4},"end":{"line":41,"column":5}}],"line":14},"1":{"loc":{"start":{"line":17,"column":12},"end":{"line":37,"column":13}},"type":"if","locations":[{"start":{"line":17,"column":12},"end":{"line":37,"column":13}},{"start":{"line":17,"column":12},"end":{"line":37,"column":13}}],"line":17},"2":{"loc":{"start":{"line":24,"column":20},"end":{"line":28,"column":21}},"type":"if","locations":[{"start":{"line":24,"column":20},"end":{"line":28,"column":21}},{"start":{"line":24,"column":20},"end":{"line":28,"column":21}}],"line":24},"3":{"loc":{"start":{"line":30,"column":16},"end":{"line":35,"column":17}},"type":"if","locations":[{"start":{"line":30,"column":16},"end":{"line":35,"column":17}},{"start":{"line":30,"column":16},"end":{"line":35,"column":17}}],"line":30},"4":{"loc":{"start":{"line":59,"column":8},"end":{"line":70,"column":9}},"type":"if","locations":[{"start":{"line":59,"column":8},"end":{"line":70,"column":9}},{"start":{"line":59,"column":8},"end":{"line":70,"column":9}}],"line":59},"5":{"loc":{"start":{"line":62,"column":16},"end":{"line":66,"column":17}},"type":"if","locations":[{"start":{"line":62,"column":16},"end":{"line":66,"column":17}},{"start":{"line":62,"column":16},"end":{"line":66,"column":17}}],"line":62},"6":{"loc":{"start":{"line":77,"column":12},"end":{"line":77,"column":76}},"type":"binary-expr","locations":[{"start":{"line":77,"column":12},"end":{"line":77,"column":25}},{"start":{"line":77,"column":29},"end":{"line":77,"column":42}},{"start":{"line":77,"column":46},"end":{"line":77,"column":59}},{"start":{"line":77,"column":63},"end":{"line":77,"column":76}}],"line":77},"7":{"loc":{"start":{"line":84,"column":4},"end":{"line":97,"column":5}},"type":"if","locations":[{"start":{"line":84,"column":4},"end":{"line":97,"column":5}},{"start":{"line":84,"column":4},"end":{"line":97,"column":5}}],"line":84},"8":{"loc":{"start":{"line":84,"column":8},"end":{"line":84,"column":83}},"type":"binary-expr","locations":[{"start":{"line":84,"column":8},"end":{"line":84,"column":30}},{"start":{"line":84,"column":34},"end":{"line":84,"column":60}},{"start":{"line":84,"column":64},"end":{"line":84,"column":83}}],"line":84},"9":{"loc":{"start":{"line":85,"column":8},"end":{"line":96,"column":9}},"type":"if","locations":[{"start":{"line":85,"column":8},"end":{"line":96,"column":9}},{"start":{"line":85,"column":8},"end":{"line":96,"column":9}}],"line":85},"10":{"loc":{"start":{"line":85,"column":12},"end":{"line":87,"column":41}},"type":"binary-expr","locations":[{"start":{"line":85,"column":12},"end":{"line":85,"column":41}},{"start":{"line":86,"column":12},"end":{"line":86,"column":41}},{"start":{"line":87,"column":12},"end":{"line":87,"column":41}}],"line":85},"11":{"loc":{"start":{"line":90,"column":12},"end":{"line":95,"column":13}},"type":"if","locations":[{"start":{"line":90,"column":12},"end":{"line":95,"column":13}},{"start":{"line":90,"column":12},"end":{"line":95,"column":13}}],"line":90},"12":{"loc":{"start":{"line":90,"column":16},"end":{"line":92,"column":46}},"type":"binary-expr","locations":[{"start":{"line":90,"column":16},"end":{"line":90,"column":46}},{"start":{"line":91,"column":16},"end":{"line":91,"column":46}},{"start":{"line":92,"column":16},"end":{"line":92,"column":46}}],"line":90},"13":{"loc":{"start":{"line":100,"column":4},"end":{"line":113,"column":5}},"type":"if","locations":[{"start":{"line":100,"column":4},"end":{"line":113,"column":5}},{"start":{"line":100,"column":4},"end":{"line":113,"column":5}}],"line":100},"14":{"loc":{"start":{"line":100,"column":8},"end":{"line":100,"column":83}},"type":"binary-expr","locations":[{"start":{"line":100,"column":8},"end":{"line":100,"column":30}},{"start":{"line":100,"column":34},"end":{"line":100,"column":60}},{"start":{"line":100,"column":64},"end":{"line":100,"column":83}}],"line":100},"15":{"loc":{"start":{"line":101,"column":8},"end":{"line":112,"column":9}},"type":"if","locations":[{"start":{"line":101,"column":8},"end":{"line":112,"column":9}},{"start":{"line":101,"column":8},"end":{"line":112,"column":9}}],"line":101},"16":{"loc":{"start":{"line":101,"column":12},"end":{"line":103,"column":41}},"type":"binary-expr","locations":[{"start":{"line":101,"column":12},"end":{"line":101,"column":41}},{"start":{"line":102,"column":12},"end":{"line":102,"column":41}},{"start":{"line":103,"column":12},"end":{"line":103,"column":41}}],"line":101},"17":{"loc":{"start":{"line":106,"column":12},"end":{"line":111,"column":13}},"type":"if","locations":[{"start":{"line":106,"column":12},"end":{"line":111,"column":13}},{"start":{"line":106,"column":12},"end":{"line":111,"column":13}}],"line":106},"18":{"loc":{"start":{"line":106,"column":16},"end":{"line":108,"column":46}},"type":"binary-expr","locations":[{"start":{"line":106,"column":16},"end":{"line":106,"column":46}},{"start":{"line":107,"column":16},"end":{"line":107,"column":46}},{"start":{"line":108,"column":16},"end":{"line":108,"column":46}}],"line":106},"19":{"loc":{"start":{"line":115,"column":4},"end":{"line":129,"column":5}},"type":"if","locations":[{"start":{"line":115,"column":4},"end":{"line":129,"column":5}},{"start":{"line":115,"column":4},"end":{"line":129,"column":5}}],"line":115},"20":{"loc":{"start":{"line":115,"column":8},"end":{"line":115,"column":110}},"type":"binary-expr","locations":[{"start":{"line":115,"column":8},"end":{"line":115,"column":30}},{"start":{"line":115,"column":34},"end":{"line":115,"column":56}},{"start":{"line":115,"column":60},"end":{"line":115,"column":87}},{"start":{"line":115,"column":91},"end":{"line":115,"column":110}}],"line":115},"21":{"loc":{"start":{"line":116,"column":8},"end":{"line":128,"column":9}},"type":"if","locations":[{"start":{"line":116,"column":8},"end":{"line":128,"column":9}},{"start":{"line":116,"column":8},"end":{"line":128,"column":9}}],"line":116},"22":{"loc":{"start":{"line":116,"column":12},"end":{"line":118,"column":45}},"type":"binary-expr","locations":[{"start":{"line":116,"column":12},"end":{"line":116,"column":45}},{"start":{"line":117,"column":12},"end":{"line":117,"column":45}},{"start":{"line":118,"column":12},"end":{"line":118,"column":45}}],"line":116},"23":{"loc":{"start":{"line":122,"column":12},"end":{"line":127,"column":13}},"type":"if","locations":[{"start":{"line":122,"column":12},"end":{"line":127,"column":13}},{"start":{"line":122,"column":12},"end":{"line":127,"column":13}}],"line":122},"24":{"loc":{"start":{"line":122,"column":16},"end":{"line":124,"column":51}},"type":"binary-expr","locations":[{"start":{"line":122,"column":16},"end":{"line":122,"column":51}},{"start":{"line":123,"column":16},"end":{"line":123,"column":51}},{"start":{"line":124,"column":16},"end":{"line":124,"column":51}}],"line":122},"25":{"loc":{"start":{"line":131,"column":4},"end":{"line":144,"column":5}},"type":"if","locations":[{"start":{"line":131,"column":4},"end":{"line":144,"column":5}},{"start":{"line":131,"column":4},"end":{"line":144,"column":5}}],"line":131},"26":{"loc":{"start":{"line":131,"column":8},"end":{"line":131,"column":94}},"type":"binary-expr","locations":[{"start":{"line":131,"column":8},"end":{"line":131,"column":14}},{"start":{"line":131,"column":18},"end":{"line":131,"column":40}},{"start":{"line":131,"column":44},"end":{"line":131,"column":71}},{"start":{"line":131,"column":75},"end":{"line":131,"column":94}}],"line":131},"27":{"loc":{"start":{"line":132,"column":8},"end":{"line":143,"column":9}},"type":"if","locations":[{"start":{"line":132,"column":8},"end":{"line":143,"column":9}},{"start":{"line":132,"column":8},"end":{"line":143,"column":9}}],"line":132},"28":{"loc":{"start":{"line":132,"column":12},"end":{"line":134,"column":45}},"type":"binary-expr","locations":[{"start":{"line":132,"column":12},"end":{"line":132,"column":45}},{"start":{"line":133,"column":12},"end":{"line":133,"column":45}},{"start":{"line":134,"column":12},"end":{"line":134,"column":45}}],"line":132},"29":{"loc":{"start":{"line":137,"column":12},"end":{"line":142,"column":13}},"type":"if","locations":[{"start":{"line":137,"column":12},"end":{"line":142,"column":13}},{"start":{"line":137,"column":12},"end":{"line":142,"column":13}}],"line":137},"30":{"loc":{"start":{"line":137,"column":16},"end":{"line":139,"column":51}},"type":"binary-expr","locations":[{"start":{"line":137,"column":16},"end":{"line":137,"column":51}},{"start":{"line":138,"column":16},"end":{"line":138,"column":51}},{"start":{"line":139,"column":16},"end":{"line":139,"column":51}}],"line":137},"31":{"loc":{"start":{"line":148,"column":4},"end":{"line":165,"column":5}},"type":"switch","locations":[{"start":{"line":149,"column":8},"end":{"line":152,"column":29}},{"start":{"line":153,"column":8},"end":{"line":156,"column":29}},{"start":{"line":157,"column":8},"end":{"line":160,"column":29}},{"start":{"line":161,"column":8},"end":{"line":164,"column":29}}],"line":148},"32":{"loc":{"start":{"line":150,"column":19},"end":{"line":152,"column":28}},"type":"cond-expr","locations":[{"start":{"line":152,"column":16},"end":{"line":152,"column":20}},{"start":{"line":152,"column":23},"end":{"line":152,"column":28}}],"line":150},"33":{"loc":{"start":{"line":150,"column":46},"end":{"line":151,"column":40}},"type":"binary-expr","locations":[{"start":{"line":150,"column":46},"end":{"line":150,"column":70}},{"start":{"line":151,"column":16},"end":{"line":151,"column":40}}],"line":150},"34":{"loc":{"start":{"line":154,"column":19},"end":{"line":156,"column":28}},"type":"cond-expr","locations":[{"start":{"line":156,"column":16},"end":{"line":156,"column":20}},{"start":{"line":156,"column":23},"end":{"line":156,"column":28}}],"line":154},"35":{"loc":{"start":{"line":154,"column":46},"end":{"line":155,"column":40}},"type":"binary-expr","locations":[{"start":{"line":154,"column":46},"end":{"line":154,"column":70}},{"start":{"line":155,"column":16},"end":{"line":155,"column":40}}],"line":154},"36":{"loc":{"start":{"line":158,"column":19},"end":{"line":160,"column":28}},"type":"cond-expr","locations":[{"start":{"line":160,"column":16},"end":{"line":160,"column":20}},{"start":{"line":160,"column":23},"end":{"line":160,"column":28}}],"line":158},"37":{"loc":{"start":{"line":158,"column":47},"end":{"line":159,"column":40}},"type":"binary-expr","locations":[{"start":{"line":158,"column":47},"end":{"line":158,"column":71}},{"start":{"line":159,"column":16},"end":{"line":159,"column":40}}],"line":158},"38":{"loc":{"start":{"line":162,"column":19},"end":{"line":164,"column":28}},"type":"cond-expr","locations":[{"start":{"line":164,"column":16},"end":{"line":164,"column":20}},{"start":{"line":164,"column":23},"end":{"line":164,"column":28}}],"line":162},"39":{"loc":{"start":{"line":162,"column":47},"end":{"line":163,"column":40}},"type":"binary-expr","locations":[{"start":{"line":162,"column":47},"end":{"line":162,"column":71}},{"start":{"line":163,"column":16},"end":{"line":163,"column":40}}],"line":162},"40":{"loc":{"start":{"line":169,"column":4},"end":{"line":182,"column":5}},"type":"switch","locations":[{"start":{"line":170,"column":8},"end":{"line":172,"column":18}},{"start":{"line":173,"column":8},"end":{"line":175,"column":18}},{"start":{"line":176,"column":8},"end":{"line":178,"column":18}},{"start":{"line":179,"column":8},"end":{"line":181,"column":18}}],"line":169}},"s":{"0":6,"1":6,"2":6,"3":6,"4":30,"5":30,"6":30,"7":29,"8":221,"9":3,"10":3,"11":3,"12":218,"13":218,"14":3634,"15":1,"16":1,"17":1,"18":218,"19":217,"20":1,"21":1,"22":1,"23":30,"24":25,"25":25,"26":25,"27":25,"28":25,"29":125,"30":111,"31":111,"32":1005,"33":990,"34":15,"35":14,"36":25,"37":3634,"38":990,"39":990,"40":696,"41":10,"42":10,"43":10,"44":10,"45":990,"46":770,"47":15,"48":15,"49":15,"50":15,"51":990,"52":571,"53":9,"54":9,"55":9,"56":9,"57":990,"58":547,"59":8,"60":8,"61":8,"62":8,"63":2745,"64":730,"65":146,"66":827,"67":484,"68":606,"69":101,"70":582,"71":108,"72":42,"73":10,"74":10,"75":15,"76":15,"77":9,"78":9,"79":8,"80":8,"81":6},"f":{"0":30,"1":25,"2":3634,"3":990,"4":2745,"5":146,"6":484,"7":101,"8":108,"9":42},"b":{"0":[29,1],"1":[3,218],"2":[1,3633],"3":[217,1],"4":[111,14],"5":[990,15],"6":[3634,2745,1782,901],"7":[696,294],"8":[990,700,696],"9":[10,686],"10":[696,159,36],"11":[10,0],"12":[10,10,10],"13":[770,220],"14":[990,782,771],"15":[15,755],"16":[770,175,48],"17":[15,0],"18":[15,15,15],"19":[571,419],"20":[990,782,579,575],"21":[9,562],"22":[571,132,33],"23":[9,0],"24":[9,9,9],"25":[547,443],"26":[990,669,558,550],"27":[8,539],"28":[547,133,39],"29":[8,0],"30":[8,8,8],"31":[730,827,606,582],"32":[4,726],"33":[146,10],"34":[11,816],"35":[484,123],"36":[4,602],"37":[101,25],"38":[8,574],"39":[108,28],"40":[10,15,9,8]},"_coverageSchema":"1a1c01bbd47fc00a2c39e90264f33305004495a9","hash":"80672a175f38a99cee60ced9f63454b03430ade7"}
,"C:\\Users\\juanpiza\\Documents\\projects\\mutants\\api\\models\\mutant.model.js": {"path":"C:\\Users\\juanpiza\\Documents\\projects\\mutants\\api\\models\\mutant.model.js","statementMap":{"0":{"start":{"line":1,"column":17},"end":{"line":1,"column":36}},"1":{"start":{"line":3,"column":21},"end":{"line":7,"column":24}},"2":{"start":{"line":9,"column":0},"end":{"line":9,"column":56}}},"fnMap":{},"branchMap":{},"s":{"0":6,"1":6,"2":6},"f":{},"b":{},"_coverageSchema":"1a1c01bbd47fc00a2c39e90264f33305004495a9","hash":"6222a715e9f213626f7bd9fe2258e14760a83899"}
,"C:\\Users\\juanpiza\\Documents\\projects\\mutants\\api\\routes\\mutants.routes.js": {"path":"C:\\Users\\juanpiza\\Documents\\projects\\mutants\\api\\routes\\mutants.routes.js","statementMap":{"0":{"start":{"line":1,"column":16},"end":{"line":1,"column":34}},"1":{"start":{"line":2,"column":15},"end":{"line":2,"column":31}},"2":{"start":{"line":3,"column":20},"end":{"line":3,"column":64}},"3":{"start":{"line":5,"column":0},"end":{"line":7,"column":3}},"4":{"start":{"line":6,"column":4},"end":{"line":6,"column":31}},"5":{"start":{"line":8,"column":0},"end":{"line":8,"column":67}},"6":{"start":{"line":9,"column":0},"end":{"line":9,"column":68}},"7":{"start":{"line":11,"column":0},"end":{"line":11,"column":24}}},"fnMap":{"0":{"name":"(anonymous_0)","decl":{"start":{"line":5,"column":17},"end":{"line":5,"column":18}},"loc":{"start":{"line":5,"column":37},"end":{"line":7,"column":1}},"line":5}},"branchMap":{},"s":{"0":6,"1":6,"2":6,"3":6,"4":1,"5":6,"6":6,"7":6},"f":{"0":1},"b":{},"_coverageSchema":"1a1c01bbd47fc00a2c39e90264f33305004495a9","hash":"6891971820e9d4bd5e473502ad8547c6760dc2d1"}
,"C:\\Users\\juanpiza\\Documents\\projects\\mutants\\connections\\db_connection.js": {"path":"C:\\Users\\juanpiza\\Documents\\projects\\mutants\\connections\\db_connection.js","statementMap":{"0":{"start":{"line":1,"column":17},"end":{"line":1,"column":36}},"1":{"start":{"line":3,"column":18},"end":{"line":15,"column":1}},"2":{"start":{"line":4,"column":24},"end":{"line":4,"column":141}},"3":{"start":{"line":5,"column":4},"end":{"line":14,"column":11}},"4":{"start":{"line":17,"column":24},"end":{"line":19,"column":1}},"5":{"start":{"line":18,"column":4},"end":{"line":18,"column":39}},"6":{"start":{"line":21,"column":0},"end":{"line":21,"column":48}}},"fnMap":{"0":{"name":"(anonymous_0)","decl":{"start":{"line":3,"column":18},"end":{"line":3,"column":19}},"loc":{"start":{"line":3,"column":31},"end":{"line":15,"column":1}},"line":3},"1":{"name":"(anonymous_1)","decl":{"start":{"line":17,"column":24},"end":{"line":17,"column":25}},"loc":{"start":{"line":17,"column":30},"end":{"line":19,"column":1}},"line":17}},"branchMap":{"0":{"loc":{"start":{"line":4,"column":24},"end":{"line":4,"column":141}},"type":"cond-expr","locations":[{"start":{"line":4,"column":47},"end":{"line":4,"column":54}},{"start":{"line":4,"column":57},"end":{"line":4,"column":141}}],"line":4},"1":{"loc":{"start":{"line":4,"column":57},"end":{"line":4,"column":141}},"type":"cond-expr","locations":[{"start":{"line":4,"column":91},"end":{"line":4,"column":114}},{"start":{"line":4,"column":117},"end":{"line":4,"column":141}}],"line":4}},"s":{"0":5,"1":5,"2":5,"3":5,"4":5,"5":5,"6":5},"f":{"0":5,"1":5},"b":{"0":[5,0],"1":[0,0]},"_coverageSchema":"1a1c01bbd47fc00a2c39e90264f33305004495a9","hash":"05d251ae6f132feb403e0ceb765dc479825b84a0"}
}
