TN:
SF:app.js
FNF:0
FNH:0
DA:1,6
DA:2,6
DA:3,6
DA:4,6
DA:6,6
DA:8,6
DA:9,6
DA:10,6
DA:13,6
DA:15,6
LF:10
LH:10
BRF:0
BRH:0
end_of_record
TN:
SF:api\controllers\mutants.controller.js
FN:6,(anonymous_0)
FN:45,(anonymous_1)
FNF:2
FNH:2
FNDA:31,(anonymous_0)
FNDA:1,(anonymous_1)
DA:1,6
DA:2,6
DA:3,6
DA:7,31
DA:8,30
DA:10,30
DA:12,30
DA:14,25
DA:20,25
DA:22,25
DA:23,18
DA:28,7
DA:34,5
DA:39,1
DA:46,1
DA:47,1
DA:50,1
DA:53,1
DA:55,1
DA:61,0
DA:68,6
LF:21
LH:20
BRDA:7,0,0,30
BRDA:7,0,1,1
BRDA:12,1,0,25
BRDA:12,1,1,5
BRDA:22,2,0,18
BRDA:22,2,1,7
BRDA:53,3,0,1
BRDA:53,3,1,0
BRF:8
BRH:7
end_of_record
TN:
SF:api\lib\mutants.lib.js
FN:11,validateDNA
FN:45,isMutant
FN:79,checkLetters
FN:83,checkDNA
FN:150,checkVisited
FN:153,(anonymous_5)
FN:157,(anonymous_6)
FN:161,(anonymous_7)
FN:165,(anonymous_8)
FN:171,setVisited
FNF:10
FNH:10
FNDA:30,validateDNA
FNDA:30,isMutant
FNDA:3634,checkLetters
FNDA:990,checkDNA
FNDA:2745,checkVisited
FNDA:146,(anonymous_5)
FNDA:484,(anonymous_6)
FNDA:101,(anonymous_7)
FNDA:108,(anonymous_8)
FNDA:42,setVisited
DA:1,6
DA:2,6
DA:3,6
DA:4,6
DA:12,30
DA:13,30
DA:14,30
DA:15,29
DA:17,221
DA:18,3
DA:19,3
DA:20,3
DA:22,218
DA:23,218
DA:24,3634
DA:25,1
DA:26,1
DA:27,1
DA:30,218
DA:31,217
DA:33,1
DA:34,1
DA:40,1
DA:42,30
DA:47,30
DA:53,30
DA:54,30
DA:56,30
DA:58,25
DA:61,25
DA:62,125
DA:63,111
DA:64,111
DA:65,1005
DA:66,990
DA:68,15
DA:72,14
DA:76,25
DA:80,3634
DA:84,990
DA:87,990
DA:88,696
DA:92,10
DA:93,10
DA:96,10
DA:97,10
DA:103,990
DA:104,770
DA:108,15
DA:109,15
DA:112,15
DA:113,15
DA:118,990
DA:119,571
DA:123,9
DA:125,9
DA:128,9
DA:129,9
DA:134,990
DA:135,547
DA:139,8
DA:140,8
DA:143,8
DA:144,8
DA:151,2745
DA:153,730
DA:157,827
DA:161,606
DA:165,582
DA:172,42
DA:174,10
DA:175,10
DA:177,15
DA:178,15
DA:180,9
DA:181,9
DA:183,8
DA:184,8
DA:188,6
LF:79
LH:79
BRDA:14,0,0,29
BRDA:14,0,1,1
BRDA:17,1,0,3
BRDA:17,1,1,218
BRDA:24,2,0,1
BRDA:24,2,1,3633
BRDA:30,3,0,217
BRDA:30,3,1,1
BRDA:56,4,0,5
BRDA:56,4,1,25
BRDA:62,5,0,111
BRDA:62,5,1,14
BRDA:65,6,0,990
BRDA:65,6,1,15
BRDA:80,7,0,3634
BRDA:80,7,1,2745
BRDA:80,7,2,1782
BRDA:80,7,3,901
BRDA:87,8,0,696
BRDA:87,8,1,294
BRDA:87,9,0,990
BRDA:87,9,1,700
BRDA:87,9,2,696
BRDA:88,10,0,10
BRDA:88,10,1,686
BRDA:88,11,0,696
BRDA:88,11,1,159
BRDA:88,11,2,36
BRDA:93,12,0,10
BRDA:93,12,1,0
BRDA:93,13,0,10
BRDA:93,13,1,10
BRDA:93,13,2,10
BRDA:103,14,0,770
BRDA:103,14,1,220
BRDA:103,15,0,990
BRDA:103,15,1,782
BRDA:103,15,2,771
BRDA:104,16,0,15
BRDA:104,16,1,755
BRDA:104,17,0,770
BRDA:104,17,1,175
BRDA:104,17,2,48
BRDA:109,18,0,15
BRDA:109,18,1,0
BRDA:109,19,0,15
BRDA:109,19,1,15
BRDA:109,19,2,15
BRDA:118,20,0,571
BRDA:118,20,1,419
BRDA:118,21,0,990
BRDA:118,21,1,782
BRDA:118,21,2,579
BRDA:118,21,3,575
BRDA:119,22,0,9
BRDA:119,22,1,562
BRDA:119,23,0,571
BRDA:119,23,1,132
BRDA:119,23,2,33
BRDA:125,24,0,9
BRDA:125,24,1,0
BRDA:125,25,0,9
BRDA:125,25,1,9
BRDA:125,25,2,9
BRDA:134,26,0,547
BRDA:134,26,1,443
BRDA:134,27,0,990
BRDA:134,27,1,669
BRDA:134,27,2,558
BRDA:134,27,3,550
BRDA:135,28,0,8
BRDA:135,28,1,539
BRDA:135,29,0,547
BRDA:135,29,1,133
BRDA:135,29,2,39
BRDA:140,30,0,8
BRDA:140,30,1,0
BRDA:140,31,0,8
BRDA:140,31,1,8
BRDA:140,31,2,8
BRDA:151,32,0,730
BRDA:151,32,1,827
BRDA:151,32,2,606
BRDA:151,32,3,582
BRDA:153,33,0,4
BRDA:153,33,1,726
BRDA:153,34,0,146
BRDA:153,34,1,10
BRDA:157,35,0,11
BRDA:157,35,1,816
BRDA:157,36,0,484
BRDA:157,36,1,123
BRDA:161,37,0,4
BRDA:161,37,1,602
BRDA:161,38,0,101
BRDA:161,38,1,25
BRDA:165,39,0,8
BRDA:165,39,1,574
BRDA:165,40,0,108
BRDA:165,40,1,28
BRDA:172,41,0,10
BRDA:172,41,1,15
BRDA:172,41,2,9
BRDA:172,41,3,8
BRF:104
BRH:100
end_of_record
TN:
SF:api\models\mutant.model.js
FNF:0
FNH:0
DA:1,6
DA:3,6
DA:9,6
LF:3
LH:3
BRF:0
BRH:0
end_of_record
TN:
SF:api\routes\mutants.routes.js
FN:5,(anonymous_0)
FNF:1
FNH:1
FNDA:1,(anonymous_0)
DA:1,6
DA:2,6
DA:3,6
DA:5,6
DA:6,1
DA:8,6
DA:9,6
DA:11,6
LF:8
LH:8
BRF:0
BRH:0
end_of_record
TN:
SF:connections\db_connection.js
FN:3,(anonymous_0)
FN:17,(anonymous_1)
FNF:2
FNH:2
FNDA:5,(anonymous_0)
FNDA:5,(anonymous_1)
DA:1,5
DA:3,5
DA:4,5
DA:5,5
DA:17,5
DA:18,5
DA:21,5
LF:7
LH:7
BRDA:4,0,0,5
BRDA:4,0,1,0
BRDA:4,1,0,0
BRDA:4,1,1,0
BRF:4
BRH:1
end_of_record
