TN:
SF:app.js
FNF:0
FNH:0
DA:1,6
DA:2,6
DA:3,6
DA:4,6
DA:6,6
DA:8,6
DA:9,6
DA:10,6
DA:13,6
DA:15,6
LF:10
LH:10
BRF:0
BRH:0
end_of_record
TN:
SF:api\controllers\mutants.controller.js
FN:5,(anonymous_0)
FN:37,(anonymous_1)
FN:70,isMutant
FN:146,checkLetters
FN:150,checkDNA
FN:268,checkVisited
FN:276,(anonymous_6)
FN:280,(anonymous_7)
FN:284,(anonymous_8)
FN:288,(anonymous_9)
FN:294,setVisited
FNF:11
FNH:11
FNDA:30,(anonymous_0)
FNDA:1,(anonymous_1)
FNDA:29,isMutant
FNDA:3634,checkLetters
FNDA:990,checkDNA
FNDA:2745,checkVisited
FNDA:146,(anonymous_6)
FNDA:484,(anonymous_7)
FNDA:101,(anonymous_8)
FNDA:108,(anonymous_9)
FNDA:42,setVisited
DA:1,6
DA:2,6
DA:6,30
DA:7,29
DA:8,29
DA:10,29
DA:16,29
DA:18,29
DA:19,18
DA:24,11
DA:31,1
DA:38,1
DA:39,1
DA:42,1
DA:45,1
DA:46,1
DA:52,0
DA:60,6
DA:61,6
DA:62,6
DA:63,6
DA:72,29
DA:78,29
DA:79,29
DA:80,29
DA:82,29
DA:84,29
DA:85,221
DA:87,3
DA:88,3
DA:90,218
DA:91,218
DA:92,3634
DA:94,1
DA:95,1
DA:98,218
DA:99,217
DA:101,1
DA:102,1
DA:108,29
DA:111,25
DA:115,25
DA:116,125
DA:117,111
DA:118,111
DA:119,1005
DA:127,990
DA:130,15
DA:131,15
DA:136,14
DA:137,14
DA:141,25
DA:143,25
DA:147,3634
DA:151,990
DA:154,990
DA:156,696
DA:163,10
DA:173,10
DA:176,10
DA:177,10
DA:185,990
DA:187,770
DA:194,15
DA:202,15
DA:205,15
DA:206,15
DA:213,990
DA:215,571
DA:222,9
DA:229,9
DA:232,9
DA:233,9
DA:240,990
DA:242,547
DA:249,8
DA:256,8
DA:259,8
DA:260,8
DA:274,2745
DA:276,730
DA:280,827
DA:284,606
DA:288,582
DA:295,42
DA:297,10
DA:298,10
DA:300,15
DA:301,15
DA:303,9
DA:304,9
DA:306,8
DA:307,8
DA:333,6
LF:94
LH:93
BRDA:6,0,0,29
BRDA:6,0,1,1
BRDA:18,1,0,18
BRDA:18,1,1,11
BRDA:85,2,0,3
BRDA:85,2,1,218
BRDA:92,3,0,1
BRDA:92,3,1,3633
BRDA:98,4,0,217
BRDA:98,4,1,1
BRDA:108,5,0,4
BRDA:108,5,1,25
BRDA:116,6,0,111
BRDA:116,6,1,14
BRDA:119,7,0,990
BRDA:119,7,1,15
BRDA:141,8,0,7
BRDA:141,8,1,18
BRDA:147,9,0,3634
BRDA:147,9,1,2745
BRDA:147,9,2,1782
BRDA:147,9,3,901
BRDA:154,10,0,696
BRDA:154,10,1,294
BRDA:154,11,0,990
BRDA:154,11,1,700
BRDA:154,11,2,696
BRDA:156,12,0,10
BRDA:156,12,1,686
BRDA:156,13,0,696
BRDA:156,13,1,159
BRDA:156,13,2,36
BRDA:173,14,0,10
BRDA:173,14,1,0
BRDA:173,15,0,10
BRDA:173,15,1,10
BRDA:173,15,2,10
BRDA:185,16,0,770
BRDA:185,16,1,220
BRDA:185,17,0,990
BRDA:185,17,1,782
BRDA:185,17,2,771
BRDA:187,18,0,15
BRDA:187,18,1,755
BRDA:187,19,0,770
BRDA:187,19,1,175
BRDA:187,19,2,48
BRDA:202,20,0,15
BRDA:202,20,1,0
BRDA:202,21,0,15
BRDA:202,21,1,15
BRDA:202,21,2,15
BRDA:213,22,0,571
BRDA:213,22,1,419
BRDA:213,23,0,990
BRDA:213,23,1,782
BRDA:213,23,2,579
BRDA:213,23,3,575
BRDA:215,24,0,9
BRDA:215,24,1,562
BRDA:215,25,0,571
BRDA:215,25,1,132
BRDA:215,25,2,33
BRDA:229,26,0,9
BRDA:229,26,1,0
BRDA:229,27,0,9
BRDA:229,27,1,9
BRDA:229,27,2,9
BRDA:240,28,0,547
BRDA:240,28,1,443
BRDA:240,29,0,990
BRDA:240,29,1,669
BRDA:240,29,2,558
BRDA:240,29,3,550
BRDA:242,30,0,8
BRDA:242,30,1,539
BRDA:242,31,0,547
BRDA:242,31,1,133
BRDA:242,31,2,39
BRDA:256,32,0,8
BRDA:256,32,1,0
BRDA:256,33,0,8
BRDA:256,33,1,8
BRDA:256,33,2,8
BRDA:274,34,0,730
BRDA:274,34,1,827
BRDA:274,34,2,606
BRDA:274,34,3,582
BRDA:276,35,0,4
BRDA:276,35,1,726
BRDA:276,36,0,146
BRDA:276,36,1,10
BRDA:280,37,0,11
BRDA:280,37,1,816
BRDA:280,38,0,484
BRDA:280,38,1,123
BRDA:284,39,0,4
BRDA:284,39,1,602
BRDA:284,40,0,101
BRDA:284,40,1,25
BRDA:288,41,0,8
BRDA:288,41,1,574
BRDA:288,42,0,108
BRDA:288,42,1,28
BRDA:295,43,0,10
BRDA:295,43,1,15
BRDA:295,43,2,9
BRDA:295,43,3,8
BRF:108
BRH:104
end_of_record
TN:
SF:api\models\mutant.model.js
FNF:0
FNH:0
DA:1,6
DA:3,6
DA:9,6
LF:3
LH:3
BRF:0
BRH:0
end_of_record
TN:
SF:api\routes\mutants.routes.js
FN:5,(anonymous_0)
FNF:1
FNH:1
FNDA:1,(anonymous_0)
DA:1,6
DA:2,6
DA:3,6
DA:5,6
DA:6,1
DA:8,6
DA:9,6
DA:11,6
LF:8
LH:8
BRF:0
BRH:0
end_of_record
TN:
SF:connections\db_connection.js
FN:3,(anonymous_0)
FN:16,(anonymous_1)
FNF:2
FNH:2
FNDA:5,(anonymous_0)
FNDA:5,(anonymous_1)
DA:1,5
DA:3,5
DA:4,5
DA:16,5
DA:17,5
DA:20,5
LF:6
LH:6
BRF:0
BRH:0
end_of_record
